\BOOKMARK [1][-]{section.1}{\376\377\000F\000e\000l\000a\000d\000a\000t}{}% 1
\BOOKMARK [2][-]{subsection.1.1}{\376\377\000R\000\366\000v\000i\000d\000\040\000\366\000s\000s\000z\000e\000f\000o\000g\000l\000a\000l\000\363\000\040\000a\000\040\000p\000r\000o\000b\000l\000\351\000m\000\341\000r\000\363\000l}{section.1}% 2
\BOOKMARK [2][-]{subsection.1.2}{\376\377\000B\000e\000m\000e\000n\000e\000t\000e\000k}{section.1}% 3
\BOOKMARK [2][-]{subsection.1.3}{\376\377\000B\000e\000\341\000l\000l\000\355\000t\000\341\000s\000o\000k}{section.1}% 4
\BOOKMARK [2][-]{subsection.1.4}{\376\377\000I\000n\000t\000e\000r\000a\000k\000t\000\355\000v\000\040\000m\000\363\000d}{section.1}% 5
\BOOKMARK [3][-]{subsubsection.1.4.1}{\376\377\000S\000z\000i\000m\000u\000l\000\341\000c\000i\000\363\000\040\000m\000e\000g\000\341\000l\000l\000\355\000t\000\341\000s\000a\000/\000e\000l\000i\000n\000d\000\355\000t\000\341\000s\000a}{subsection.1.4}% 6
\BOOKMARK [3][-]{subsubsection.1.4.2}{\376\377\000S\000t\000a\000t\000i\000s\000z\000t\000i\000k\000\341\000k\000\040\000l\000e\000k\000\351\000r\000\351\000s\000e}{subsection.1.4}% 7
\BOOKMARK [3][-]{subsubsection.1.4.3}{\376\377\000C\000\351\000g\000e\000k\000\040\000l\000i\000s\000t\000\341\000z\000\341\000s\000a}{subsection.1.4}% 8
\BOOKMARK [3][-]{subsubsection.1.4.4}{\376\377\000C\000\351\000g\000e\000k\000\040\000r\000\351\000s\000z\000l\000e\000t\000e\000s\000\040\000a\000d\000a\000t\000a\000i}{subsection.1.4}% 9
\BOOKMARK [3][-]{subsubsection.1.4.5}{\376\377\000K\000e\000r\000e\000s\000k\000e\000d\001\121\000k\000\040\000l\000i\000s\000t\000\341\000z\000\341\000s\000a}{subsection.1.4}% 10
\BOOKMARK [3][-]{subsubsection.1.4.6}{\376\377\000K\000e\000r\000e\000s\000k\000e\000d\001\121\000k\000\040\000r\000\351\000s\000z\000l\000e\000t\000e\000s\000\040\000a\000d\000a\000t\000a\000i}{subsection.1.4}% 11
\BOOKMARK [2][-]{subsection.1.5}{\376\377\000K\000i\000m\000e\000n\000e\000t\000e\000k}{section.1}% 12
\BOOKMARK [1][-]{section.2}{\376\377\000P\000o\000n\000t\000o\000s\000\355\000t\000o\000t\000t\000\040\000f\000e\000l\000a\000d\000a\000t\000s\000p\000e\000c\000i\000f\000i\000k\000\341\000c\000i\000\363}{}% 13
\BOOKMARK [1][-]{section.3}{\376\377\000T\000e\000r\000v}{}% 14
\BOOKMARK [2][-]{subsection.3.1}{\376\377\000O\000b\000j\000e\000k\000t\000u\000m\000\040\000T\000e\000r\000v}{section.3}% 15
\BOOKMARK [3][-]{subsubsection.3.1.1}{\376\377\000K\000\366\000n\000y\000v\000t\000\341\000r\000\040\000-\000\040\000T\000e\000r\000v}{subsection.3.1}% 16
\BOOKMARK [3][-]{subsubsection.3.1.2}{\376\377\000R\000c\000<\000T\000>\000\040\000-\000\040\000I\000m\000p\000l\000e\000m\000e\000n\000t\000\341\000c\000i\000\363}{subsection.3.1}% 17
\BOOKMARK [2][-]{subsection.3.2}{\376\377\000I\000m\000p\000l\000e\000m\000e\000n\000t\000\341\000c\000i\000\363\000s\000\040\000-\000\040\000T\000e\000r\000v}{section.3}% 18
\BOOKMARK [1][-]{section.4}{\376\377\000M\000e\000g\000v\000a\000l\000\363\000s\000\355\000t\000\341\000s}{}% 19
\BOOKMARK [2][-]{subsection.4.1}{\376\377\000N\000o\000r\000m\000a\000l\000T\000r\000a\000d\000e\000r\000A\000g\000e\000n\000t}{section.4}% 20
\BOOKMARK [2][-]{subsection.4.2}{\376\377\000.\000c\000o\000n\000f\000i\000g}{section.4}% 21
\BOOKMARK [1][-]{section.5}{\376\377\000T\000e\000s\000z\000t\000e\000l\000\351\000s}{}% 22
\BOOKMARK [1][-]{section.6}{\376\377\000P\000r\000o\000g\000r\000a\000m\000o\000z\000\363\000i\000\040\000d\000o\000k\000u\000m\000e\000n\000t\000\341\000c\000i\000\363\000\040\000-\000\040\000D\000o\000x\000y\000g\000e\000n}{}% 23
